#
# A fatal error has been detected by the Java Runtime Environment:
#
#  EXCEPTION_STACK_OVERFLOW (0xc00000fd) at pc=0x00007ff8cec6e563, pid=1224, tid=275620
#
# JRE version: Java(TM) SE Runtime Environment (14.0+36) (build 14+36-1461)
# Java VM: Java HotSpot(TM) 64-Bit Server VM (14+36-1461, mixed mode, sharing, tiered, compressed oops, g1 gc, windows-amd64)
# Problematic frame:
# V  [jvm.dll+0x33e563]
#
# No core dump will be written. Minidumps are not enabled by default on client versions of Windows
#
# If you would like to submit a bug report, please visit:
#   https://bugreport.java.com/bugreport/crash.jsp
#

---------------  S U M M A R Y ------------

Command Line: -javaagent:E:\JetBrains\IntelliJ IDEA 2019.3.1\lib\idea_rt.jar=50538:E:\JetBrains\IntelliJ IDEA 2019.3.1\bin -Dfile.encoding=UTF-8 Main

Host: Intel(R) Pentium(R) CPU B980 @ 2.40GHz, 2 cores, 7G,  Windows 10 , 64 bit Build 19041 (10.0.19041.4717)
Time: Tue Sep 10 21:07:24 2024 RTZ 2 (зима) elapsed time: 152 seconds (0d 0h 2m 32s)

---------------  T H R E A D  ---------------

Current thread (0x00000290998ce000):  JavaThread "Thread-66287" [_thread_in_vm, id=275620, stack(0x000000d950800000,0x000000d950900000)]

Stack: [0x000000d950800000,0x000000d950900000],  sp=0x000000d9508ff4f0,  free space=1021k
Native frames: (J=compiled Java code, j=interpreted, Vv=VM code, C=native code)
V  [jvm.dll+0x33e563]
V  [jvm.dll+0x5f8312]
V  [jvm.dll+0x33f05c]
V  [jvm.dll+0x33f2e7]
V  [jvm.dll+0x3b4f71]
V  [jvm.dll+0x706a7d]
V  [jvm.dll+0x6ff89a]
